<?xml version="1.0" encoding="UTF-8"?>
<testsuites name="jest tests" tests="1" failures="0" errors="0" time="1.167">
  <testsuite name="smoke" errors="0" failures="0" skipped="0" timestamp="2025-09-17T15:45:20" time="0.141" tests="1">
    <testcase classname="smoke runs" name="smoke runs" time="0.003">
    </testcase>
  </testsuite>
</testsuites>